2026-04-02 19:23:38,624 INFO DB connexion tentative #1
2026-04-02 19:23:38,739 INFO DB connexion réussie, total succès: 1
2026-04-02 19:23:38,740 INFO DB connexion tentative #2
2026-04-02 19:23:38,858 INFO DB connexion réussie, total succès: 2
2026-04-02 19:23:38,870 INFO DB connexion tentative #3
2026-04-02 19:23:38,985 INFO DB connexion réussie, total succès: 3
2026-04-02 19:23:38,991 INFO DB connexion tentative #4
2026-04-02 19:23:39,110 INFO DB connexion réussie, total succès: 4
2026-04-02 19:23:39,141 INFO DB connexion tentative #5
2026-04-02 19:23:39,250 INFO DB connexion réussie, total succès: 5
2026-04-02 19:23:45,626 INFO DB connexion tentative #6
2026-04-02 19:23:45,722 INFO DB connexion réussie, total succès: 6
2026-04-02 19:23:49,576 INFO valider_detail: article=1, unite=1, magasin=5
2026-04-02 19:23:49,576 INFO DB connexion tentative #7
2026-04-02 19:23:49,677 INFO DB connexion réussie, total succès: 7
2026-04-02 19:23:49,678 ERROR Erreur calculer_stock_magasin_precis : not all arguments converted during string formatting (0.1 ms)
2026-04-02 19:23:49,678 ERROR Erreur calcul stock magasin précis : not all arguments converted during string formatting
2026-04-02 19:23:52,296 INFO valider_detail: article=1, unite=1, magasin=5
2026-04-02 19:23:52,297 INFO DB connexion tentative #8
2026-04-02 19:23:52,403 INFO DB connexion réussie, total succès: 8
2026-04-02 19:23:52,403 ERROR Erreur calculer_stock_magasin_precis : not all arguments converted during string formatting (0.1 ms)
2026-04-02 19:23:52,404 ERROR Erreur calcul stock magasin précis : not all arguments converted during string formatting
2026-04-02 19:23:53,345 INFO valider_detail: article=1, unite=1, magasin=5
2026-04-02 19:23:53,346 INFO DB connexion tentative #9
2026-04-02 19:23:53,450 INFO DB connexion réussie, total succès: 9
2026-04-02 19:23:53,450 ERROR Erreur calculer_stock_magasin_precis : not all arguments converted during string formatting (0.1 ms)
2026-04-02 19:23:53,451 ERROR Erreur calcul stock magasin précis : not all arguments converted during string formatting
2026-04-02 19:23:57,675 INFO valider_detail: article=1, unite=1, magasin=5
2026-04-02 19:23:57,675 INFO DB connexion tentative #10
2026-04-02 19:23:57,783 INFO DB connexion réussie, total succès: 10
2026-04-02 19:23:57,783 ERROR Erreur calculer_stock_magasin_precis : not all arguments converted during string formatting (0.2 ms)
2026-04-02 19:23:57,783 ERROR Erreur calcul stock magasin précis : not all arguments converted during string formatting
